<?xml version="1.0" encoding="UTF-8"?>
<!-- Generated by org.testng.reporters.JUnitReportReporter -->
<testsuite hostname="LAPTOP-HL3AL6R5" failures="0" tests="2" name="com.spotify.test.CreateAndGetPlayListUsingReusableCalls" time="3.798" errors="0" timestamp="2023-08-20T12:59:21 IST" skipped="0">
  <testcase classname="com.spotify.test.CreateAndGetPlayListUsingReusableCalls" name="CreateSpotifyPlaylist" time="3.485"/>
  <testcase classname="com.spotify.test.CreateAndGetPlayListUsingReusableCalls" name="GetAllPlaylist" time="0.313"/>
</testsuite> <!-- com.spotify.test.CreateAndGetPlayListUsingReusableCalls -->
