<?xml version="1.0" encoding="UTF-8"?>
<!-- Generated by org.testng.reporters.JUnitReportReporter -->
<testsuite hostname="LAPTOP-HL3AL6R5" failures="0" tests="1" name="PlayList.GetPlayList" time="2.898" errors="0" timestamp="2023-08-17T12:23:54 IST" skipped="0">
  <testcase classname="PlayList.GetPlayList" name="getCurrentUsersPlayList" time="2.898"/>
</testsuite> <!-- PlayList.GetPlayList -->
