<?xml version="1.0" encoding="UTF-8"?>
<!-- Generated by org.testng.reporters.JUnitReportReporter -->
<testsuite hostname="LAPTOP-HL3AL6R5" failures="0" tests="1" name="PlayList.CreatePlaylist" time="3.215" errors="0" timestamp="2023-08-18T11:41:21 IST" skipped="0">
  <testcase classname="PlayList.CreatePlaylist" name="CreateSpotifyPlaylist" time="3.215"/>
</testsuite> <!-- PlayList.CreatePlaylist -->
