<?xml version="1.0" encoding="UTF-8"?>
<!-- Generated by org.testng.reporters.JUnitReportReporter -->
<testsuite hostname="LAPTOP-HL3AL6R5" failures="0" tests="2" name="com.spotify.test.CreatePlaylist" time="4.052" errors="0" timestamp="2023-08-18T22:20:12 IST" skipped="0">
  <testcase classname="com.spotify.test.CreatePlaylist" name="CreateSpotifyPlaylist" time="3.121"/>
  <testcase classname="com.spotify.test.CreatePlaylist" name="GetAllPlaylist" time="0.931"/>
</testsuite> <!-- com.spotify.test.CreatePlaylist -->
