<?xml version="1.0" encoding="UTF-8"?>
<!-- Generated by org.testng.reporters.JUnitReportReporter -->
<testsuite hostname="LAPTOP-HL3AL6R5" failures="0" tests="1" name="PlayList.GetUserDetails" time="2.791" errors="0" timestamp="2023-08-18T10:40:14 IST" skipped="0">
  <testcase classname="PlayList.GetUserDetails" name="getUserDetails" time="2.791"/>
</testsuite> <!-- PlayList.GetUserDetails -->
