<?xml version="1.0" encoding="UTF-8"?>
<!-- Generated by org.testng.reporters.JUnitReportReporter -->
<testsuite hostname="LAPTOP-HL3AL6R5" failures="0" tests="1" name="PlayList.NegativeTesting" time="1.901" errors="0" timestamp="2023-08-18T10:56:55 IST" skipped="0">
  <testcase classname="PlayList.NegativeTesting" name="shouldNotAbleToCreatePlaylist" time="1.901"/>
</testsuite> <!-- PlayList.NegativeTesting -->
