<?xml version="1.0" encoding="UTF-8"?>
<!-- Generated by org.testng.reporters.JUnitReportReporter -->
<testsuite hostname="LAPTOP-HL3AL6R5" failures="0" tests="1" name="PlayList.UpdatePlayList" time="2.526" errors="0" timestamp="2023-08-18T09:00:35 IST" skipped="0">
  <testcase classname="PlayList.UpdatePlayList" name="updatePlayList" time="2.526"/>
</testsuite> <!-- PlayList.UpdatePlayList -->
