<?xml version="1.0" encoding="UTF-8"?>
<!-- Generated by org.testng.reporters.JUnitReportReporter -->
<testsuite hostname="LAPTOP-HL3AL6R5" failures="0" tests="1" name="com.spotify.test.CreatePlaylistWithReqAndResSpec" time="4.188" errors="0" timestamp="2023-08-18T23:07:07 IST" skipped="0">
  <testcase classname="com.spotify.test.CreatePlaylistWithReqAndResSpec" name="creatPlaylist" time="4.188"/>
</testsuite> <!-- com.spotify.test.CreatePlaylistWithReqAndResSpec -->
