<?xml version="1.0" encoding="UTF-8"?>
<!-- Generated by org.testng.reporters.JUnitReportReporter -->
<testsuite hostname="LAPTOP-HL3AL6R5" failures="0" tests="1" name="SerializationDeserialization.createSwaggerUser" time="5.034" errors="0" timestamp="2023-08-05T10:52:50 IST" skipped="0">
  <testcase classname="SerializationDeserialization.createSwaggerUser" name="createUser" time="5.034"/>
</testsuite> <!-- SerializationDeserialization.createSwaggerUser -->
