<?xml version="1.0" encoding="UTF-8"?>
<!-- Generated by org.testng.reporters.JUnitReportReporter -->
<testsuite hostname="LAPTOP-HL3AL6R5" failures="0" tests="1" name="FetchData.DynamicDataExtraction" time="6.820" errors="0" timestamp="2023-07-26T20:32:50 IST" skipped="0">
  <testcase classname="FetchData.DynamicDataExtraction" name="getResReqUser" time="6.820"/>
</testsuite> <!-- FetchData.DynamicDataExtraction -->
