<?xml version="1.0" encoding="UTF-8"?>
<!-- Generated by org.testng.reporters.JUnitReportReporter -->
<testsuite hostname="LAPTOP-HL3AL6R5" failures="0" tests="1" name="authentication.BasicAuthentication" time="3.787" errors="0" timestamp="2023-08-05T13:56:35 IST" skipped="0">
  <testcase classname="authentication.BasicAuthentication" name="postmanEchoAuth" time="3.787"/>
</testsuite> <!-- authentication.BasicAuthentication -->
