<?xml version="1.0" encoding="UTF-8"?>
<!-- Generated by org.testng.reporters.JUnitReportReporter -->
<testsuite hostname="LAPTOP-HL3AL6R5" failures="0" tests="1" name="authentication.UsingAPIKey" time="5.146" errors="0" timestamp="2023-08-06T14:52:03 IST" skipped="0">
  <testcase classname="authentication.UsingAPIKey" name="createWorkSpace" time="5.146"/>
</testsuite> <!-- authentication.UsingAPIKey -->
