<?xml version="1.0" encoding="UTF-8"?>
<!-- Generated by org.testng.reporters.JUnitReportReporter -->
<testsuite hostname="LAPTOP-HL3AL6R5" failures="0" tests="1" name="authentication.BearerToken" time="3.221" errors="0" timestamp="2023-08-06T15:17:36 IST" skipped="0">
  <testcase classname="authentication.BearerToken" name="getAllRepositories" time="3.221"/>
</testsuite> <!-- authentication.BearerToken -->
