<?xml version="1.0" encoding="UTF-8"?>
<!-- Generated by org.testng.reporters.JUnitReportReporter -->
<testsuite hostname="LAPTOP-HL3AL6R5" failures="0" tests="1" name="SendingBodyAsObject.complexJsonPOST_Mock" time="4.458" errors="0" timestamp="2023-07-30T17:33:53 IST" skipped="0">
  <testcase classname="SendingBodyAsObject.complexJsonPOST_Mock" name="compleJson" time="4.458"/>
</testsuite> <!-- SendingBodyAsObject.complexJsonPOST_Mock -->
