<?xml version="1.0" encoding="UTF-8"?>
<!-- Generated by org.testng.reporters.JUnitReportReporter -->
<testsuite hostname="LAPTOP-HL3AL6R5" failures="0" tests="1" name="PathAndQueryParam.queryParamsAssignment" time="5.006" errors="0" timestamp="2023-07-28T23:50:17 IST" skipped="0">
  <testcase classname="PathAndQueryParam.queryParamsAssignment" name="multiparams" time="5.006"/>
</testsuite> <!-- PathAndQueryParam.queryParamsAssignment -->
