<?xml version="1.0" encoding="UTF-8"?>
<!-- Generated by org.testng.reporters.JUnitReportReporter -->
<testsuite hostname="LAPTOP-HL3AL6R5" failures="0" tests="1" name="SendingBodyAsObject.x2ComplexJson" time="4.341" errors="0" timestamp="2023-08-03T16:45:43 IST" skipped="0">
  <testcase classname="SendingBodyAsObject.x2ComplexJson" name="sendComplexJson" time="4.341"/>
</testsuite> <!-- SendingBodyAsObject.x2ComplexJson -->
