<?xml version="1.0" encoding="UTF-8"?>
<!-- Generated by org.testng.reporters.JUnitReportReporter -->
<testsuite hostname="LAPTOP-HL3AL6R5" failures="0" tests="1" name="authentication.BasicAuth2" time="3.273" errors="0" timestamp="2023-08-05T14:01:32 IST" skipped="0">
  <testcase classname="authentication.BasicAuth2" name="alternateMethod" time="3.273"/>
</testsuite> <!-- authentication.BasicAuth2 -->
