<?xml version="1.0" encoding="UTF-8"?>
<!-- Generated by org.testng.reporters.JUnitReportReporter -->
<testsuite hostname="LAPTOP-HL3AL6R5" failures="0" tests="1" name="POJOforComplexJson.getUsersFromResReq" time="3.232" errors="0" timestamp="2023-08-16T08:22:49 IST" skipped="0">
  <testcase classname="POJOforComplexJson.getUsersFromResReq" name="getUsers" time="3.232"/>
</testsuite> <!-- POJOforComplexJson.getUsersFromResReq -->
