<?xml version="1.0" encoding="UTF-8"?>
<!-- Generated by org.testng.reporters.JUnitReportReporter -->
<testsuite hostname="LAPTOP-HL3AL6R5" failures="0" tests="1" name="authentication.xCreateGitRepo" time="3.319" errors="0" timestamp="2023-08-06T15:46:20 IST" skipped="0">
  <testcase classname="authentication.xCreateGitRepo" name="createGitRepository" time="3.319"/>
</testsuite> <!-- authentication.xCreateGitRepo -->
