<?xml version="1.0" encoding="UTF-8"?>
<!-- Generated by org.testng.reporters.JUnitReportReporter -->
<testsuite hostname="LAPTOP-HL3AL6R5" failures="0" tests="1" name="SendingBodyAsObject.POST_MockRequest" time="6.138" errors="0" timestamp="2023-07-30T14:44:03 IST" skipped="0">
  <testcase classname="SendingBodyAsObject.POST_MockRequest" name="createInfoOnMockServer" time="6.138"/>
</testsuite> <!-- SendingBodyAsObject.POST_MockRequest -->
