<?xml version="1.0" encoding="UTF-8"?>
<!-- Generated by org.testng.reporters.JUnitReportReporter -->
<testsuite hostname="LAPTOP-HL3AL6R5" failures="0" tests="2" name="SendingBodyObject.x1usingHashMap" time="6.876" errors="0" timestamp="2023-07-29T19:35:16 IST" skipped="0">
  <testcase classname="SendingBodyObject.x1usingHashMap" name="createUser" time="5.644"/>
  <testcase classname="SendingBodyObject.x1usingHashMap" name="fetchCreatedUser" time="1.232"/>
</testsuite> <!-- SendingBodyObject.x1usingHashMap -->
