<?xml version="1.0" encoding="UTF-8"?>
<!-- Generated by org.testng.reporters.JUnitReportReporter -->
<testsuite hostname="LAPTOP-HL3AL6R5" failures="0" tests="2" name="PathAndQueryParam.queryParam" time="3.562" errors="0" timestamp="2023-07-28T23:55:28 IST" skipped="0">
  <testcase classname="PathAndQueryParam.queryParam" name="getAUser" time="2.599"/>
  <testcase classname="PathAndQueryParam.queryParam" name="getAllUsers" time="0.963"/>
</testsuite> <!-- PathAndQueryParam.queryParam -->
