<?xml version="1.0" encoding="UTF-8"?>
<!-- Generated by org.testng.reporters.JUnitReportReporter -->
<testsuite hostname="LAPTOP-HL3AL6R5" failures="0" tests="1" name="RestAssuredAssertions.restAssuredAssertions" time="7.715" errors="0" timestamp="2023-07-28T16:19:32 IST" skipped="0">
  <testcase classname="RestAssuredAssertions.restAssuredAssertions" name="getUserDetails" time="7.715"/>
</testsuite> <!-- RestAssuredAssertions.restAssuredAssertions -->
