<?xml version="1.0" encoding="UTF-8"?>
<!-- Generated by org.testng.reporters.JUnitReportReporter -->
<testsuite hostname="LAPTOP-HL3AL6R5" failures="0" tests="1" name="PathAndQueryParam.pathParam" time="2.344" errors="0" timestamp="2023-07-29T12:02:39 IST" skipped="0">
  <testcase classname="PathAndQueryParam.pathParam" name="getAUser" time="2.344"/>
</testsuite> <!-- PathAndQueryParam.pathParam -->
