<?xml version="1.0" encoding="UTF-8"?>
<!-- Generated by org.testng.reporters.JUnitReportReporter -->
<testsuite hostname="LAPTOP-HL3AL6R5" failures="0" tests="2" name="FetchReadyMadeJson.ReqAndResSpecBuilder" time="4.324" errors="0" timestamp="2023-07-28T22:46:15 IST" skipped="0">
  <testcase classname="FetchReadyMadeJson.ReqAndResSpecBuilder" name="getAllPostmanWorkspace" time="2.826"/>
  <testcase classname="FetchReadyMadeJson.ReqAndResSpecBuilder" name="getAPostmanWorkspace" time="1.498"/>
</testsuite> <!-- FetchReadyMadeJson.ReqAndResSpecBuilder -->
