<?xml version="1.0" encoding="UTF-8"?>
<!-- Generated by org.testng.reporters.JUnitReportReporter -->
<testsuite hostname="LAPTOP-HL3AL6R5" failures="0" tests="1" name="UploadDownload.downloadFile" time="5.901" errors="0" timestamp="2023-07-30T17:49:28 IST" skipped="0">
  <testcase classname="UploadDownload.downloadFile" name="getFileFromServer" time="5.901"/>
</testsuite> <!-- UploadDownload.downloadFile -->
